0 info it worked if it ends with ok
1 verbose cli [ 'node', '/usr/local/bin/npm', 'install', '-g', 'grunt-cli' ]
2 info using npm@2.5.1
3 info using node@v0.12.0
4 silly cache add args [ 'grunt-cli', null ]
5 verbose cache add spec grunt-cli
6 silly cache add parsed spec { raw: 'grunt-cli',
6 silly cache add   scope: null,
6 silly cache add   name: 'grunt-cli',
6 silly cache add   rawSpec: '',
6 silly cache add   spec: '*',
6 silly cache add   type: 'range' }
7 verbose addNamed grunt-cli@*
8 silly addNamed semver.valid null
9 silly addNamed semver.validRange *
10 silly addNameRange { name: 'grunt-cli', range: '*', hasData: false }
11 silly mapToRegistry name grunt-cli
12 silly mapToRegistry using default registry
13 silly mapToRegistry registry https://registry.npmjs.org/
14 silly mapToRegistry uri https://registry.npmjs.org/grunt-cli
15 verbose addNameRange registry:https://registry.npmjs.org/grunt-cli not in flight; fetching
16 verbose request uri https://registry.npmjs.org/grunt-cli
17 verbose request no auth needed
18 info attempt registry request try #1 at 14:24:43
19 verbose request id ad7a19afff55e1e8
20 http request GET https://registry.npmjs.org/grunt-cli
21 http 200 https://registry.npmjs.org/grunt-cli
22 silly get cb [ 200,
22 silly get   { date: 'Thu, 26 Mar 2015 21:24:43 GMT',
22 silly get     server: 'CouchDB/1.5.0 (Erlang OTP/R16B03)',
22 silly get     etag: '"7XIL8LLF4UT0FTQYZBA8QKUJ4"',
22 silly get     'content-type': 'application/json',
22 silly get     'cache-control': 'max-age=60',
22 silly get     'content-length': '20577',
22 silly get     'accept-ranges': 'bytes',
22 silly get     via: '1.1 varnish',
22 silly get     age: '50',
22 silly get     'x-served-by': 'cache-sjc3133-SJC',
22 silly get     'x-cache': 'HIT',
22 silly get     'x-cache-hits': '1',
22 silly get     'x-timer': 'S1427405083.079948,VS0,VE0',
22 silly get     vary: 'Accept',
22 silly get     'keep-alive': 'timeout=10, max=50',
22 silly get     connection: 'Keep-Alive' } ]
23 verbose get saving grunt-cli to /Users/josean/.npm/registry.npmjs.org/grunt-cli/.cache.json
24 silly addNameRange number 2 { name: 'grunt-cli', range: '*', hasData: true }
25 silly addNameRange versions [ 'grunt-cli',
25 silly addNameRange   [ '0.1.0',
25 silly addNameRange     '0.1.1',
25 silly addNameRange     '0.1.2',
25 silly addNameRange     '0.1.3',
25 silly addNameRange     '0.1.4',
25 silly addNameRange     '0.1.5',
25 silly addNameRange     '0.1.6',
25 silly addNameRange     '0.1.7',
25 silly addNameRange     '0.1.8',
25 silly addNameRange     '0.1.9',
25 silly addNameRange     '0.1.10',
25 silly addNameRange     '0.1.11',
25 silly addNameRange     '0.1.12',
25 silly addNameRange     '0.1.13' ] ]
26 verbose addNamed grunt-cli@0.1.13
27 silly addNamed semver.valid 0.1.13
28 silly addNamed semver.validRange 0.1.13
29 silly mapToRegistry name grunt-cli
30 silly mapToRegistry using default registry
31 silly mapToRegistry registry https://registry.npmjs.org/
32 silly mapToRegistry uri https://registry.npmjs.org/grunt-cli
33 verbose addRemoteTarball https://registry.npmjs.org/grunt-cli/-/grunt-cli-0.1.13.tgz not in flight; adding
34 verbose addRemoteTarball [ 'https://registry.npmjs.org/grunt-cli/-/grunt-cli-0.1.13.tgz',
34 verbose addRemoteTarball   'e9ebc4047631f5012d922770c39378133cad10f4' ]
35 info retry fetch attempt 1 at 14:24:43
36 info attempt registry request try #1 at 14:24:43
37 http fetch GET https://registry.npmjs.org/grunt-cli/-/grunt-cli-0.1.13.tgz
38 http fetch 200 https://registry.npmjs.org/grunt-cli/-/grunt-cli-0.1.13.tgz
39 silly fetchAndShaCheck shasum e9ebc4047631f5012d922770c39378133cad10f4
40 verbose addTmpTarball /var/folders/tn/6z29_9l92_b60t7gbhqlvpmh0000gn/T/npm-10487-952a2264/registry.npmjs.org/grunt-cli/-/grunt-cli-0.1.13.tgz not in flight; adding
41 verbose addTmpTarball already have metadata; skipping unpack for grunt-cli@0.1.13
42 silly cache afterAdd grunt-cli@0.1.13
43 verbose afterAdd /Users/josean/.npm/grunt-cli/0.1.13/package/package.json not in flight; writing
44 verbose afterAdd /Users/josean/.npm/grunt-cli/0.1.13/package/package.json written
45 silly install resolved [ { name: 'grunt-cli',
45 silly install resolved     description: 'The grunt command line interface.',
45 silly install resolved     version: '0.1.13',
45 silly install resolved     author: { name: 'Grunt Team' },
45 silly install resolved     homepage: 'http://gruntjs.com/',
45 silly install resolved     repository: { type: 'git', url: 'git://github.com/gruntjs/grunt-cli.git' },
45 silly install resolved     bugs: { url: 'http://github.com/gruntjs/grunt-cli/issues' },
45 silly install resolved     licenses: [ [Object] ],
45 silly install resolved     bin: { grunt: 'bin/grunt' },
45 silly install resolved     engines: { node: '>= 0.8.0' },
45 silly install resolved     scripts: { test: 'node bin/grunt test' },
45 silly install resolved     preferGlobal: true,
45 silly install resolved     dependencies: { nopt: '~1.0.10', 'findup-sync': '~0.1.0', resolve: '~0.3.1' },
45 silly install resolved     devDependencies: { grunt: '~0.4.0', 'grunt-contrib-jshint': '~0.2.0' },
45 silly install resolved     contributors: [ [Object], [Object], [Object], [Object] ],
45 silly install resolved     _id: 'grunt-cli@0.1.13',
45 silly install resolved     dist:
45 silly install resolved      { shasum: 'e9ebc4047631f5012d922770c39378133cad10f4',
45 silly install resolved        tarball: 'http://registry.npmjs.org/grunt-cli/-/grunt-cli-0.1.13.tgz' },
45 silly install resolved     _from: 'grunt-cli@*',
45 silly install resolved     _npmVersion: '1.3.24',
45 silly install resolved     _npmUser: { name: 'tkellen', email: 'tyler@sleekcode.net' },
45 silly install resolved     maintainers: [ [Object] ],
45 silly install resolved     directories: {},
45 silly install resolved     _shasum: 'e9ebc4047631f5012d922770c39378133cad10f4',
45 silly install resolved     _resolved: 'https://registry.npmjs.org/grunt-cli/-/grunt-cli-0.1.13.tgz' } ]
46 info install grunt-cli@0.1.13 into /usr/local/lib
47 info installOne grunt-cli@0.1.13
48 verbose installOne of grunt-cli to /usr/local/lib not in flight; installing
49 verbose lock using /Users/josean/.npm/_locks/grunt-cli-58f484dab06f0a30.lock for /usr/local/lib/node_modules/grunt-cli
50 silly install write writing grunt-cli 0.1.13 to /usr/local/lib/node_modules/grunt-cli
51 silly cache addNamed cb grunt-cli@0.1.13
52 verbose unbuild lib/node_modules/grunt-cli
53 verbose gentlyRm vacuuming /usr/local/lib/node_modules/grunt-cli
54 verbose tar unpack /Users/josean/.npm/grunt-cli/0.1.13/package.tgz
55 verbose tar unpacking to /usr/local/lib/node_modules/grunt-cli
56 verbose gentlyRm vacuuming /usr/local/lib/node_modules/grunt-cli
57 silly gunzTarPerm modes [ '755', '644' ]
58 error tar.unpack untar error /Users/josean/.npm/grunt-cli/0.1.13/package.tgz
59 verbose unlock done using /Users/josean/.npm/_locks/grunt-cli-58f484dab06f0a30.lock for /usr/local/lib/node_modules/grunt-cli
60 verbose fstream_path /usr/local/lib/node_modules/grunt-cli
61 verbose fstream_type Directory
62 verbose fstream_class DirWriter
63 verbose stack Error: EACCES, mkdir '/usr/local/lib/node_modules/grunt-cli'
63 verbose stack     at Error (native)
64 verbose fstream_stack /usr/local/lib/node_modules/npm/node_modules/fstream/lib/dir-writer.js:36:23
64 verbose fstream_stack /usr/local/lib/node_modules/npm/node_modules/mkdirp/index.js:46:53
64 verbose fstream_stack FSReqWrap.oncomplete (fs.js:99:15)
65 verbose cwd /Users/josean/WebstormProjects/deliberationMockup/app/css
66 error Darwin 14.1.0
67 error argv "node" "/usr/local/bin/npm" "install" "-g" "grunt-cli"
68 error node v0.12.0
69 error npm  v2.5.1
70 error path /usr/local/lib/node_modules/grunt-cli
71 error code EACCES
72 error errno -13
73 error Error: EACCES, mkdir '/usr/local/lib/node_modules/grunt-cli'
73 error     at Error (native)
73 error  { [Error: EACCES, mkdir '/usr/local/lib/node_modules/grunt-cli']
73 error   errno: -13,
73 error   code: 'EACCES',
73 error   path: '/usr/local/lib/node_modules/grunt-cli',
73 error   fstream_type: 'Directory',
73 error   fstream_path: '/usr/local/lib/node_modules/grunt-cli',
73 error   fstream_class: 'DirWriter',
73 error   fstream_stack:
73 error    [ '/usr/local/lib/node_modules/npm/node_modules/fstream/lib/dir-writer.js:36:23',
73 error      '/usr/local/lib/node_modules/npm/node_modules/mkdirp/index.js:46:53',
73 error      'FSReqWrap.oncomplete (fs.js:99:15)' ] }
74 error Please try running this command again as root/Administrator.
75 verbose exit [ -13, true ]
76 verbose unbuild lib/node_modules/grunt-cli
77 verbose gentlyRm vacuuming /usr/local/lib/node_modules/grunt-cli
